#
# There is insufficient memory for the Java Runtime Environment to continue.
# Native memory allocation (malloc) failed to allocate 320976 bytes for Chunk::new
# Possible reasons:
#   The system is out of physical RAM or swap space
#   In 32 bit mode, the process size limit was hit
# Possible solutions:
#   Reduce memory load on the system
#   Increase physical memory or swap space
#   Check if swap backing store is full
#   Use 64 bit Java on a 64 bit OS
#   Decrease Java heap size (-Xmx/-Xms)
#   Decrease number of Java threads
#   Decrease Java thread stack sizes (-Xss)
#   Set larger code cache with -XX:ReservedCodeCacheSize=
# This output file may be truncated or incomplete.
#
#  Out of Memory Error (allocation.cpp:323), pid=1716, tid=2556
#
# JRE version: Java(TM) SE Runtime Environment (7.0_79-b15) (build 1.7.0_79-b15)
# Java VM: Java HotSpot(TM) 64-Bit Server VM (24.79-b02 mixed mode windows-amd64 compressed oops)
# Failed to write core dump. Minidumps are not enabled by default on client versions of Windows
#

---------------  T H R E A D  ---------------

Current thread (0x00000000088d2800):  JavaThread "C2 CompilerThread1" daemon [_thread_in_native, id=2556, stack(0x000000000a0b0000,0x000000000a1b0000)]

Stack: [0x000000000a0b0000,0x000000000a1b0000]
[error occurred during error reporting (printing stack bounds), id 0xc0000005]


[error occurred during error reporting (printing native stack), id 0xc0000005]


Current CompileTask:
C2:  20235  633             com.android.dx.dex.file.CodeItem::addContents (174 bytes)


---------------  P R O C E S S  ---------------

Java Threads: ( => current thread )
  0x00000000088dc000 JavaThread "Service Thread" daemon [_thread_blocked, id=6272, stack(0x000000000a1f0000,0x000000000a2f0000)]
=>0x00000000088d2800 JavaThread "C2 CompilerThread1" daemon [_thread_in_native, id=2556, stack(0x000000000a0b0000,0x000000000a1b0000)]
  0x00000000088d0800 JavaThread "C2 CompilerThread0" daemon [_thread_blocked, id=8028, stack(0x0000000009f40000,0x000000000a040000)]
  0x00000000088bc800 JavaThread "Attach Listener" daemon [_thread_blocked, id=6700, stack(0x0000000009c20000,0x0000000009d20000)]
  0x00000000088b7000 JavaThread "Signal Dispatcher" daemon [_thread_blocked, id=8808, stack(0x0000000009d40000,0x0000000009e40000)]
  0x0000000008866800 JavaThread "Finalizer" daemon [_thread_blocked, id=8188, stack(0x0000000009af0000,0x0000000009bf0000)]
  0x000000000885f800 JavaThread "Reference Handler" daemon [_thread_blocked, id=2432, stack(0x00000000097c0000,0x00000000098c0000)]
  0x000000000258e000 JavaThread "main" [_thread_in_native, id=1844, stack(0x0000000002850000,0x0000000002950000)]

Other Threads:
  0x000000000885a000 VMThread [stack: 0x00000000098d0000,0x00000000099d0000] [id=3636]
  0x00000000088dd000 WatcherThread [stack: 0x00000000099d0000,0x0000000009ad0000] [id=5588]

VM state:not at safepoint (normal execution)

VM Mutex/Monitor currently owned by a thread: None

Heap
 PSYoungGen      total 70656K, used 49349K [0x00000000eaa80000, 0x00000000efa80000, 0x0000000100000000)
  eden space 64000K, 77% used [0x00000000eaa80000,0x00000000edab1710,0x00000000ee900000)
  from space 6656K, 0% used [0x00000000ef100000,0x00000000ef100000,0x00000000ef780000)
  to   space 8192K, 0% used [0x00000000ee900000,0x00000000ee900000,0x00000000ef100000)
 ParOldGen       total 68096K, used 38148K [0x00000000c0000000, 0x00000000c4280000, 0x00000000eaa80000)
  object space 68096K, 56% used [0x00000000c0000000,0x00000000c2541098,0x00000000c4280000)
 PSPermGen       total 21504K, used 6062K [0x00000000bae00000, 0x00000000bc300000, 0x00000000c0000000)
  object space 21504K, 28% used [0x00000000bae00000,0x00000000bb3eb9e8,0x00000000bc300000)

Card table byte_map: [0x0000000005950000,0x0000000005b80000] byte_map_base: 0x0000000005379000

Polling page: 0x0000000000250000

Code Cache  [0x0000000002950000, 0x0000000002c10000, 0x0000000005950000)
 total_blobs=1021 nmethods=786 adapters=187 free_code_cache=46428Kb largest_free_block=47500672

Compilation events (10 events):
Event: 18.499 Thread 0x00000000088d2800 nmethod 627 0x0000000002b9a790 code [0x0000000002b9a920, 0x0000000002b9b0c8]
Event: 18.499 Thread 0x00000000088d2800  629             com.android.dx.dex.code.StdCatchBuilder::hasAnyCatches (57 bytes)
Event: 18.499 Thread 0x00000000088d0800 nmethod 628 0x0000000002b99d50 code [0x0000000002b99ec0, 0x0000000002b9a2f8]
Event: 18.499 Thread 0x00000000088d0800  630             com.android.dx.dex.file.IndexedItem::<init> (10 bytes)
Event: 18.499 Thread 0x00000000088d0800 nmethod 630 0x0000000002b89310 code [0x0000000002b89440, 0x0000000002b89498]
Event: 18.499 Thread 0x00000000088d0800  631             java.util.HashMap$HashIterator::hasNext (13 bytes)
Event: 18.500 Thread 0x00000000088d0800 nmethod 631 0x0000000002bb1110 code [0x0000000002bb1240, 0x0000000002bb1298]
Event: 18.500 Thread 0x00000000088d0800  632             com.android.dx.dex.file.DexFile::internIfAppropriate (128 bytes)
Event: 18.503 Thread 0x00000000088d2800 nmethod 629 0x0000000002bb7990 code [0x0000000002bb7b00, 0x0000000002bb7d78]
Event: 18.503 Thread 0x00000000088d2800  633             com.android.dx.dex.file.CodeItem::addContents (174 bytes)

GC Heap History (10 events):
Event: 13.438 GC heap before
{Heap before GC invocations=5 (full 0):
 PSYoungGen      total 35328K, used 35318K [0x00000000eaa80000, 0x00000000ecf80000, 0x0000000100000000)
  eden space 32768K, 100% used [0x00000000eaa80000,0x00000000eca80000,0x00000000eca80000)
  from space 2560K, 99% used [0x00000000ecd00000,0x00000000ecf7db20,0x00000000ecf80000)
  to   space 2560K, 0% used [0x00000000eca80000,0x00000000eca80000,0x00000000ecd00000)
 ParOldGen       total 42496K, used 8971K [0x00000000c0000000, 0x00000000c2980000, 0x00000000eaa80000)
  object space 42496K, 21% used [0x00000000c0000000,0x00000000c08c2d60,0x00000000c2980000)
 PSPermGen       total 21504K, used 5655K [0x00000000bae00000, 0x00000000bc300000, 0x00000000c0000000)
  object space 21504K, 26% used [0x00000000bae00000,0x00000000bb385f68,0x00000000bc300000)
Event: 13.498 GC heap after
Heap after GC invocations=5 (full 0):
 PSYoungGen      total 35328K, used 2542K [0x00000000eaa80000, 0x00000000ef780000, 0x0000000100000000)
  eden space 32768K, 0% used [0x00000000eaa80000,0x00000000eaa80000,0x00000000eca80000)
  from space 2560K, 99% used [0x00000000eca80000,0x00000000eccfb8d8,0x00000000ecd00000)
  to   space 6656K, 0% used [0x00000000ef100000,0x00000000ef100000,0x00000000ef780000)
 ParOldGen       total 42496K, used 13177K [0x00000000c0000000, 0x00000000c2980000, 0x00000000eaa80000)
  object space 42496K, 31% used [0x00000000c0000000,0x00000000c0cde648,0x00000000c2980000)
 PSPermGen       total 21504K, used 5655K [0x00000000bae00000, 0x00000000bc300000, 0x00000000c0000000)
  object space 21504K, 26% used [0x00000000bae00000,0x00000000bb385f68,0x00000000bc300000)
}
Event: 13.920 GC heap before
{Heap before GC invocations=6 (full 0):
 PSYoungGen      total 35328K, used 35310K [0x00000000eaa80000, 0x00000000ef780000, 0x0000000100000000)
  eden space 32768K, 100% used [0x00000000eaa80000,0x00000000eca80000,0x00000000eca80000)
  from space 2560K, 99% used [0x00000000eca80000,0x00000000eccfb8d8,0x00000000ecd00000)
  to   space 6656K, 0% used [0x00000000ef100000,0x00000000ef100000,0x00000000ef780000)
 ParOldGen       total 42496K, used 13177K [0x00000000c0000000, 0x00000000c2980000, 0x00000000eaa80000)
  object space 42496K, 31% used [0x00000000c0000000,0x00000000c0cde648,0x00000000c2980000)
 PSPermGen       total 21504K, used 5680K [0x00000000bae00000, 0x00000000bc300000, 0x00000000c0000000)
  object space 21504K, 26% used [0x00000000bae00000,0x00000000bb38c398,0x00000000bc300000)
Event: 14.214 GC heap after
Heap after GC invocations=6 (full 0):
 PSYoungGen      total 70656K, used 6630K [0x00000000eaa80000, 0x00000000efa80000, 0x0000000100000000)
  eden space 64000K, 0% used [0x00000000eaa80000,0x00000000eaa80000,0x00000000ee900000)
  from space 6656K, 99% used [0x00000000ef100000,0x00000000ef779940,0x00000000ef780000)
  to   space 8192K, 0% used [0x00000000ee900000,0x00000000ee900000,0x00000000ef100000)
 ParOldGen       total 42496K, used 14206K [0x00000000c0000000, 0x00000000c2980000, 0x00000000eaa80000)
  object space 42496K, 33% used [0x00000000c0000000,0x00000000c0ddf9b0,0x00000000c2980000)
 PSPermGen       total 21504K, used 5680K [0x00000000bae00000, 0x00000000bc300000, 0x00000000c0000000)
  object space 21504K, 26% used [0x00000000bae00000,0x00000000bb38c398,0x00000000bc300000)
}
Event: 15.655 GC heap before
{Heap before GC invocations=7 (full 0):
 PSYoungGen      total 70656K, used 70630K [0x00000000eaa80000, 0x00000000efa80000, 0x0000000100000000)
  eden space 64000K, 100% used [0x00000000eaa80000,0x00000000ee900000,0x00000000ee900000)
  from space 6656K, 99% used [0x00000000ef100000,0x00000000ef779940,0x00000000ef780000)
  to   space 8192K, 0% used [0x00000000ee900000,0x00000000ee900000,0x00000000ef100000)
 ParOldGen       total 42496K, used 14206K [0x00000000c0000000, 0x00000000c2980000, 0x00000000eaa80000)
  object space 42496K, 33% used [0x00000000c0000000,0x00000000c0ddf9b0,0x00000000c2980000)
 PSPermGen       total 21504K, used 5713K [0x00000000bae00000, 0x00000000bc300000, 0x00000000c0000000)
  object space 21504K, 26% used [0x00000000bae00000,0x00000000bb394430,0x00000000bc300000)
Event: 15.934 GC heap after
Heap after GC invocations=7 (full 0):
 PSYoungGen      total 72192K, used 8179K [0x00000000eaa80000, 0x00000000efa80000, 0x0000000100000000)
  eden space 64000K, 0% used [0x00000000eaa80000,0x00000000eaa80000,0x00000000ee900000)
  from space 8192K, 99% used [0x00000000ee900000,0x00000000ef0fcfa0,0x00000000ef100000)
  to   space 6656K, 0% used [0x00000000ef100000,0x00000000ef100000,0x00000000ef780000)
 ParOldGen       total 42496K, used 22449K [0x00000000c0000000, 0x00000000c2980000, 0x00000000eaa80000)
  object space 42496K, 52% used [0x00000000c0000000,0x00000000c15ec400,0x00000000c2980000)
 PSPermGen       total 21504K, used 5713K [0x00000000bae00000, 0x00000000bc300000, 0x00000000c0000000)
  object space 21504K, 26% used [0x00000000bae00000,0x00000000bb394430,0x00000000bc300000)
}
Event: 17.380 GC heap before
{Heap before GC invocations=8 (full 0):
 PSYoungGen      total 72192K, used 72179K [0x00000000eaa80000, 0x00000000efa80000, 0x0000000100000000)
  eden space 64000K, 100% used [0x00000000eaa80000,0x00000000ee900000,0x00000000ee900000)
  from space 8192K, 99% used [0x00000000ee900000,0x00000000ef0fcfa0,0x00000000ef100000)
  to   space 6656K, 0% used [0x00000000ef100000,0x00000000ef100000,0x00000000ef780000)
 ParOldGen       total 42496K, used 22449K [0x00000000c0000000, 0x00000000c2980000, 0x00000000eaa80000)
  object space 42496K, 52% used [0x00000000c0000000,0x00000000c15ec400,0x00000000c2980000)
 PSPermGen       total 21504K, used 5730K [0x00000000bae00000, 0x00000000bc300000, 0x00000000c0000000)
  object space 21504K, 26% used [0x00000000bae00000,0x00000000bb398a18,0x00000000bc300000)
Event: 17.407 GC heap after
Heap after GC invocations=8 (full 0):
 PSYoungGen      total 70656K, used 6632K [0x00000000eaa80000, 0x00000000efa80000, 0x0000000100000000)
  eden space 64000K, 0% used [0x00000000eaa80000,0x00000000eaa80000,0x00000000ee900000)
  from space 6656K, 99% used [0x00000000ef100000,0x00000000ef77a310,0x00000000ef780000)
  to   space 8192K, 0% used [0x00000000ee900000,0x00000000ee900000,0x00000000ef100000)
 ParOldGen       total 42496K, used 34420K [0x00000000c0000000, 0x00000000c2980000, 0x00000000eaa80000)
  object space 42496K, 80% used [0x00000000c0000000,0x00000000c219d158,0x00000000c2980000)
 PSPermGen       total 21504K, used 5730K [0x00000000bae00000, 0x00000000bc300000, 0x00000000c0000000)
  object space 21504K, 26% used [0x00000000bae00000,0x00000000bb398a18,0x00000000bc300000)
}
Event: 17.407 GC heap before
{Heap before GC invocations=9 (full 1):
 PSYoungGen      total 70656K, used 6632K [0x00000000eaa80000, 0x00000000efa80000, 0x0000000100000000)
  eden space 64000K, 0% used [0x00000000eaa80000,0x00000000eaa80000,0x00000000ee900000)
  from space 6656K, 99% used [0x00000000ef100000,0x00000000ef77a310,0x00000000ef780000)
  to   space 8192K, 0% used [0x00000000ee900000,0x00000000ee900000,0x00000000ef100000)
 ParOldGen       total 42496K, used 34420K [0x00000000c0000000, 0x00000000c2980000, 0x00000000eaa80000)
  object space 42496K, 80% used [0x00000000c0000000,0x00000000c219d158,0x00000000c2980000)
 PSPermGen       total 21504K, used 5730K [0x00000000bae00000, 0x00000000bc300000, 0x00000000c0000000)
  object space 21504K, 26% used [0x00000000bae00000,0x00000000bb398a18,0x00000000bc300000)
Event: 17.823 GC heap after
Heap after GC invocations=9 (full 1):
 PSYoungGen      total 70656K, used 0K [0x00000000eaa80000, 0x00000000efa80000, 0x0000000100000000)
  eden space 64000K, 0% used [0x00000000eaa80000,0x00000000eaa80000,0x00000000ee900000)
  from space 6656K, 0% used [0x00000000ef100000,0x00000000ef100000,0x00000000ef780000)
  to   space 8192K, 0% used [0x00000000ee900000,0x00000000ee900000,0x00000000ef100000)
 ParOldGen       total 68096K, used 38148K [0x00000000c0000000, 0x00000000c4280000, 0x00000000eaa80000)
  object space 68096K, 56% used [0x00000000c0000000,0x00000000c2541098,0x00000000c4280000)
 PSPermGen       total 21504K, used 5725K [0x00000000bae00000, 0x00000000bc300000, 0x00000000c0000000)
  object space 21504K, 26% used [0x00000000bae00000,0x00000000bb397740,0x00000000bc300000)
}

Deoptimization events (10 events):
Event: 15.065 Thread 0x000000000258e000 Uncommon trap: reason=class_check action=maybe_recompile pc=0x0000000002b26454 method=com.android.dx.cf.code.BaseMachine.localArg(Lcom/android/dx/cf/code/Frame;I)V @ 17
Event: 15.066 Thread 0x000000000258e000 Uncommon trap: reason=class_check action=maybe_recompile pc=0x0000000002b26454 method=com.android.dx.cf.code.BaseMachine.localArg(Lcom/android/dx/cf/code/Frame;I)V @ 17
Event: 15.067 Thread 0x000000000258e000 Uncommon trap: reason=class_check action=maybe_recompile pc=0x0000000002b26454 method=com.android.dx.cf.code.BaseMachine.localArg(Lcom/android/dx/cf/code/Frame;I)V @ 17
Event: 15.105 Thread 0x000000000258e000 Uncommon trap: reason=bimorphic action=maybe_recompile pc=0x0000000002a905a8 method=com.android.dx.ssa.LiteralOpUpgrader.tryReplacingWithConstant(Lcom/android/dx/ssa/NormalSsaInsn;)Z @ 62
Event: 15.121 Thread 0x000000000258e000 Uncommon trap: reason=class_check action=maybe_recompile pc=0x0000000002aeba04 method=com.android.dx.ssa.SCCP.replaceConstants()V @ 182
Event: 15.128 Thread 0x000000000258e000 Uncommon trap: reason=class_check action=maybe_recompile pc=0x0000000002aeba04 method=com.android.dx.ssa.SCCP.replaceConstants()V @ 182
Event: 15.191 Thread 0x000000000258e000 Uncommon trap: reason=class_check action=maybe_recompile pc=0x0000000002b01fd0 method=com.android.dx.cf.code.RopperMachine.run(Lcom/android/dx/cf/code/Frame;II)V @ 310
Event: 16.076 Thread 0x000000000258e000 Uncommon trap: reason=class_check action=maybe_recompile pc=0x0000000002b020d0 method=com.android.dx.cf.code.RopperMachine.run(Lcom/android/dx/cf/code/Frame;II)V @ 1024
Event: 16.471 Thread 0x000000000258e000 Uncommon trap: reason=bimorphic action=maybe_recompile pc=0x0000000002b5c170 method=com.android.dx.cf.code.BytecodeArray.parseInstruction(ILcom/android/dx/cf/code/BytecodeArray$Visitor;)I @ 2484
Event: 16.471 Thread 0x000000000258e000 Uncommon trap: reason=bimorphic action=maybe_recompile pc=0x0000000002b5c170 method=com.android.dx.cf.code.BytecodeArray.parseInstruction(ILcom/android/dx/cf/code/BytecodeArray$Visitor;)I @ 2484

Internal exceptions (10 events):
Event: 10.931 Thread 0x000000000258e000 Implicit null exception at 0x0000000002a081a0 to 0x0000000002a09479
Event: 10.980 Thread 0x000000000258e000 Threw 0x00000000eb53a8d0 at C:\re\jdk7u79\2331\hotspot\src\share\vm\prims\jvm.cpp:1304
Event: 10.983 Thread 0x000000000258e000 Threw 0x00000000eb54c800 at C:\re\jdk7u79\2331\hotspot\src\share\vm\prims\jvm.cpp:1304
Event: 11.501 Thread 0x000000000258e000 Threw 0x00000000eabefe70 at C:\re\jdk7u79\2331\hotspot\src\share\vm\prims\jvm.cpp:1304
Event: 12.941 Thread 0x000000000258e000 Threw 0x00000000eb306700 at C:\re\jdk7u79\2331\hotspot\src\share\vm\prims\jvm.cpp:1304
Event: 13.664 Thread 0x000000000258e000 Threw 0x00000000ebb35530 at C:\re\jdk7u79\2331\hotspot\src\share\vm\prims\jvm.cpp:1304
Event: 14.517 Thread 0x000000000258e000 Implicit null exception at 0x0000000002b50f33 to 0x0000000002b519b5
Event: 15.184 Thread 0x000000000258e000 Threw 0x00000000edd14708 at C:\re\jdk7u79\2331\hotspot\src\share\vm\prims\jvm.cpp:1304
Event: 18.339 Thread 0x000000000258e000 Threw 0x00000000ec7d01a0 at C:\re\jdk7u79\2331\hotspot\src\share\vm\prims\jvm.cpp:1304
Event: 18.447 Thread 0x000000000258e000 Threw 0x00000000ec826290 at C:\re\jdk7u79\2331\hotspot\src\share\vm\prims\jvm.cpp:1304

Events (10 events):
Event: 18.313 loading class 0x00000000024c4900
Event: 18.337 loading class 0x00000000024c4900 done
Event: 18.339 loading class 0x000000000a51ed70
Event: 18.339 loading class 0x000000000a51ed70 done
Event: 18.373 loading class 0x00000000024be990
Event: 18.410 loading class 0x00000000024be990 done
Event: 18.410 loading class 0x00000000024be960
Event: 18.446 loading class 0x00000000024be960 done
Event: 18.447 loading class 0x000000000a4d6d30
Event: 18.447 loading class 0x000000000a4d6d30 done


Dynamic libraries:
0x000000013ff60000 - 0x000000013ff93000 	C:\Program Files\Java\jdk1.7.0_79\bin\java.exe
0x0000000077780000 - 0x0000000077929000 	C:\Windows\SYSTEM32\ntdll.dll
0x0000000077560000 - 0x000000007767f000 	C:\Windows\system32\kernel32.dll
0x000007fefd5b0000 - 0x000007fefd61c000 	C:\Windows\system32\KERNELBASE.dll
0x000007fefe1c0000 - 0x000007fefe29b000 	C:\Windows\system32\ADVAPI32.dll
0x000007fefe3d0000 - 0x000007fefe46f000 	C:\Windows\system32\msvcrt.dll
0x000007feff8e0000 - 0x000007feff8ff000 	C:\Windows\SYSTEM32\sechost.dll
0x000007fefe2a0000 - 0x000007fefe3cd000 	C:\Windows\system32\RPCRT4.dll
0x0000000077680000 - 0x000000007777a000 	C:\Windows\system32\USER32.dll
0x000007fefdb60000 - 0x000007fefdbc7000 	C:\Windows\system32\GDI32.dll
0x000007feff490000 - 0x000007feff49e000 	C:\Windows\system32\LPK.dll
0x000007feff3c0000 - 0x000007feff489000 	C:\Windows\system32\USP10.dll
0x000007fefc5c0000 - 0x000007fefc7b4000 	C:\Windows\WinSxS\amd64_microsoft.windows.common-controls_6595b64144ccf1df_6.0.7601.17514_none_fa396087175ac9ac\COMCTL32.dll
0x000007feff830000 - 0x000007feff8a1000 	C:\Windows\system32\SHLWAPI.dll
0x000007feff8b0000 - 0x000007feff8de000 	C:\Windows\system32\IMM32.DLL
0x000007fefdbd0000 - 0x000007fefdcd9000 	C:\Windows\system32\MSCTF.dll
0x00000000752a0000 - 0x00000000752d8000 	C:\PROGRA~2\Sophos\SOPHOS~1\SOPHOS~2.DLL
0x0000000077940000 - 0x0000000077947000 	C:\Windows\system32\PSAPI.DLL
0x000000005fa00000 - 0x000000005fad2000 	C:\Program Files\Java\jdk1.7.0_79\jre\bin\msvcr100.dll
0x0000000065cb0000 - 0x0000000066485000 	C:\Program Files\Java\jdk1.7.0_79\jre\bin\server\jvm.dll
0x000007fef7de0000 - 0x000007fef7de9000 	C:\Windows\system32\WSOCK32.dll
0x000007fefd900000 - 0x000007fefd94d000 	C:\Windows\system32\WS2_32.dll
0x000007fefd950000 - 0x000007fefd958000 	C:\Windows\system32\NSI.dll
0x000007fefb160000 - 0x000007fefb19b000 	C:\Windows\system32\WINMM.dll
0x00000000730c0000 - 0x00000000730cf000 	C:\Program Files\Java\jdk1.7.0_79\jre\bin\verify.dll
0x0000000072cb0000 - 0x0000000072cd8000 	C:\Program Files\Java\jdk1.7.0_79\jre\bin\java.dll
0x0000000071fc0000 - 0x0000000071fd5000 	C:\Program Files\Java\jdk1.7.0_79\jre\bin\zip.dll
0x0000000071fa0000 - 0x0000000071fba000 	C:\Program Files\Java\jdk1.7.0_79\jre\bin\net.dll
0x000007fefc380000 - 0x000007fefc3ad000 	C:\ProgramData\Sophos\Web Intelligence\swi_ifslsp_64.dll
0x000007fefc370000 - 0x000007fefc37c000 	C:\Windows\system32\VERSION.dll
0x000007fefcd20000 - 0x000007fefcd75000 	C:\Windows\system32\mswsock.dll
0x000007fefcd10000 - 0x000007fefcd17000 	C:\Windows\System32\wship6.dll
0x0000000071f80000 - 0x0000000071f91000 	C:\Program Files\Java\jdk1.7.0_79\jre\bin\nio.dll

VM Arguments:
jvm_args: -Xmx1024M -Dfile.encoding=windows-1252 -Duser.country=US -Duser.language=en -Duser.variant 
java_command: com.android.dx.command.Main --dex --output C:\Users\sodm\AndroidStudioProjects\Classy\app\build\intermediates\pre-dexed\debug\classes-bc4aeda2fada50bb64917de68f04a1dcfe162318.jar C:\Users\sodm\AndroidStudioProjects\Classy\app\build\intermediates\exploded-aar\com.android.support\appcompat-v7\22.1.1\classes.jar
Launcher Type: SUN_STANDARD

Environment Variables:
PATH=C:\Windows\system32;C:\Windows;C:\Windows\System32\Wbem;C:\Windows\System32\WindowsPowerShell\v1.0\;C:\Program Files (x86)\Intel\OpenCL SDK\2.0\bin\x86;C:\Program Files (x86)\Intel\OpenCL SDK\2.0\bin\x64;C:\Program Files (x86)\Microsoft SQL Server\100\Tools\Binn\;C:\Program Files\Microsoft SQL Server\100\Tools\Binn\;C:\Program Files\Microsoft SQL Server\100\DTS\Binn\;C:\Program Files (x86)\Microsoft ASP.NET\ASP.NET Web Pages\v1.0\;C:\Program Files\Intel\WiFi\bin\;C:\Program Files\Common Files\Intel\WirelessCommon\;C:\Program Files\ThinkPad\Bluetooth Software\;C:\Program Files\ThinkPad\Bluetooth Software\syswow64;C:\Soft\QuickTime\QTSystem\
USERNAME=sodm
OS=Windows_NT
PROCESSOR_IDENTIFIER=Intel64 Family 6 Model 42 Stepping 7, GenuineIntel



---------------  S Y S T E M  ---------------

OS: Windows 7 , 64 bit Build 7601 Service Pack 1

CPU:total 4 (2 cores per cpu, 2 threads per core) family 6 model 42 stepping 7, cmov, cx8, fxsr, mmx, sse, sse2, sse3, ssse3, sse4.1, sse4.2, popcnt, avx, aes, ht, tsc, tscinvbit

Memory: 4k page, physical 4074736k(348216k free), swap 5645744k(245608k free)

vm_info: Java HotSpot(TM) 64-Bit Server VM (24.79-b02) for windows-amd64 JRE (1.7.0_79-b15), built on Apr 10 2015 12:36:16 by "java_re" with unknown MS VC++:1600

time: Thu May 07 19:42:52 2015
elapsed time: 20 seconds

